<?xml version="1.0" encoding="UTF-8"?>
<testng-results skipped="0" failed="1" ignored="0" total="3" passed="2">
  <reporter-output>
  </reporter-output>
  <suite name="SmartRisk" duration-ms="94500" started-at="2019-12-18T13:32:17Z" finished-at="2019-12-18T13:33:52Z">
    <groups>
    </groups>
    <test name="SmartRisk" duration-ms="94500" started-at="2019-12-18T13:32:17Z" finished-at="2019-12-18T13:33:52Z">
      <class name="testCases.TC_OverviewMap">
        <test-method status="PASS" signature="Setup(java.lang.String)[pri:0, instance:testCases.TC_OverviewMap@1a968a59]" name="Setup" is-config="true" duration-ms="8698" started-at="2019-12-18T13:32:35Z" finished-at="2019-12-18T13:32:44Z">
          <params>
            <param index="0">
              <value>
                <![CDATA[firefox]]>
              </value>
            </param>
          </params>
          <reporter-output>
          </reporter-output>
        </test-method> <!-- Setup -->
        <test-method status="PASS" signature="border()[pri:1, instance:testCases.TC_OverviewMap@1a968a59]" name="border" duration-ms="23987" started-at="2019-12-18T13:32:44Z" finished-at="2019-12-18T13:33:08Z">
          <reporter-output>
          </reporter-output>
        </test-method> <!-- border -->
        <test-method status="PASS" signature="tearDown()[pri:0, instance:testCases.TC_OverviewMap@1a968a59]" name="tearDown" is-config="true" duration-ms="5541" started-at="2019-12-18T13:33:08Z" finished-at="2019-12-18T13:33:14Z">
          <reporter-output>
          </reporter-output>
        </test-method> <!-- tearDown -->
      </class> <!-- testCases.TC_OverviewMap -->
      <class name="testCases.TC_OverviewDashboard">
        <test-method status="PASS" signature="Setup(java.lang.String)[pri:0, instance:testCases.TC_OverviewDashboard@4667ae56]" name="Setup" is-config="true" duration-ms="8070" started-at="2019-12-18T13:33:14Z" finished-at="2019-12-18T13:33:22Z">
          <params>
            <param index="0">
              <value>
                <![CDATA[firefox]]>
              </value>
            </param>
          </params>
          <reporter-output>
          </reporter-output>
        </test-method> <!-- Setup -->
        <test-method status="PASS" signature="border()[pri:2, instance:testCases.TC_OverviewDashboard@4667ae56]" name="border" duration-ms="24835" started-at="2019-12-18T13:33:22Z" finished-at="2019-12-18T13:33:46Z">
          <reporter-output>
          </reporter-output>
        </test-method> <!-- border -->
        <test-method status="PASS" signature="tearDown()[pri:0, instance:testCases.TC_OverviewDashboard@4667ae56]" name="tearDown" is-config="true" duration-ms="5353" started-at="2019-12-18T13:33:46Z" finished-at="2019-12-18T13:33:52Z">
          <reporter-output>
          </reporter-output>
        </test-method> <!-- tearDown -->
      </class> <!-- testCases.TC_OverviewDashboard -->
      <class name="testCases.TC_LoginTest_001">
        <test-method status="PASS" signature="Setup(java.lang.String)[pri:0, instance:testCases.TC_LoginTest_001@548e7350]" name="Setup" is-config="true" duration-ms="9186" started-at="2019-12-18T13:32:17Z" finished-at="2019-12-18T13:32:27Z">
          <params>
            <param index="0">
              <value>
                <![CDATA[firefox]]>
              </value>
            </param>
          </params>
          <reporter-output>
          </reporter-output>
        </test-method> <!-- Setup -->
        <test-method status="FAIL" signature="LoginTest()[pri:0, instance:testCases.TC_LoginTest_001@548e7350]" name="LoginTest" duration-ms="3509" started-at="2019-12-18T13:32:27Z" finished-at="2019-12-18T13:32:30Z">
          <exception class="java.lang.AssertionError">
            <message>
              <![CDATA[expected [true] but found [false]]]>
            </message>
            <full-stacktrace>
              <![CDATA[java.lang.AssertionError: expected [true] but found [false]
at org.testng.Assert.fail(Assert.java:96)
at org.testng.Assert.failNotEquals(Assert.java:776)
at org.testng.Assert.assertTrue(Assert.java:44)
at org.testng.Assert.assertTrue(Assert.java:54)
at testCases.TC_LoginTest_001.LoginTest(TC_LoginTest_001.java:44)
at sun.reflect.NativeMethodAccessorImpl.invoke0(Native Method)
at sun.reflect.NativeMethodAccessorImpl.invoke(Unknown Source)
at sun.reflect.DelegatingMethodAccessorImpl.invoke(Unknown Source)
at java.lang.reflect.Method.invoke(Unknown Source)
at org.testng.internal.MethodInvocationHelper.invokeMethod(MethodInvocationHelper.java:124)
at org.testng.internal.Invoker.invokeMethod(Invoker.java:583)
at org.testng.internal.Invoker.invokeTestMethod(Invoker.java:719)
at org.testng.internal.Invoker.invokeTestMethods(Invoker.java:989)
at org.testng.internal.TestMethodWorker.invokeTestMethods(TestMethodWorker.java:125)
at org.testng.internal.TestMethodWorker.run(TestMethodWorker.java:109)
at org.testng.TestRunner.privateRun(TestRunner.java:648)
at org.testng.TestRunner.run(TestRunner.java:505)
at org.testng.SuiteRunner.runTest(SuiteRunner.java:455)
at org.testng.SuiteRunner.runSequentially(SuiteRunner.java:450)
at org.testng.SuiteRunner.privateRun(SuiteRunner.java:415)
at org.testng.SuiteRunner.run(SuiteRunner.java:364)
at org.testng.SuiteRunnerWorker.runSuite(SuiteRunnerWorker.java:52)
at org.testng.SuiteRunnerWorker.run(SuiteRunnerWorker.java:84)
at org.testng.TestNG.runSuitesSequentially(TestNG.java:1208)
at org.testng.TestNG.runSuitesLocally(TestNG.java:1137)
at org.testng.TestNG.runSuites(TestNG.java:1049)
at org.testng.TestNG.run(TestNG.java:1017)
at org.testng.remote.AbstractRemoteTestNG.run(AbstractRemoteTestNG.java:115)
at org.testng.remote.RemoteTestNG.initAndRun(RemoteTestNG.java:251)
at org.testng.remote.RemoteTestNG.main(RemoteTestNG.java:77)
]]>
            </full-stacktrace>
          </exception> <!-- java.lang.AssertionError -->
          <reporter-output>
          </reporter-output>
        </test-method> <!-- LoginTest -->
        <test-method status="PASS" signature="tearDown()[pri:0, instance:testCases.TC_LoginTest_001@548e7350]" name="tearDown" is-config="true" duration-ms="5120" started-at="2019-12-18T13:32:30Z" finished-at="2019-12-18T13:32:35Z">
          <reporter-output>
          </reporter-output>
        </test-method> <!-- tearDown -->
      </class> <!-- testCases.TC_LoginTest_001 -->
    </test> <!-- SmartRisk -->
  </suite> <!-- SmartRisk -->
</testng-results>
