<?xml version="1.0" encoding="UTF-8"?>
<!-- Generated by org.testng.reporters.JUnitXMLReporter -->
<testsuite hostname="DESKTOP-AH6Q1HH" ignored="0" name="wishbook wholesale app(failed)" tests="1" failures="1" timestamp="18 Nov 2019 18:08:30 GMT" time="53.936" errors="0">
  <testcase name="LoginTest" time="7.918" classname="testCases.TC_LoginTest_001">
    <failure type="java.lang.AssertionError" message="expected [true] but found [false]">
      <![CDATA[java.lang.AssertionError: expected [true] but found [false]
at testCases.TC_LoginTest_001.LoginTest(TC_LoginTest_001.java:59)
... Removed 29 stack frames]]>
    </failure>
  </testcase> <!-- LoginTest -->
</testsuite> <!-- wishbook wholesale app(failed) -->
